Analysis initiated from SIMULIA established products
Abaqus JOB XX
Abaqus 2020
Abaqus License Manager checked out the following licenses:
Abaqus/Standard checked out 5 tokens from Flexnet server localhost.
<1019 out of 1024 licenses remain available>.
Begin Analysis Input File Processor
12/5/2023 5:10:44 PM
Run pre.exe
12/5/2023 5:11:03 PM
End Analysis Input File Processor
Begin Abaqus/Standard Analysis
12/5/2023 5:11:03 PM
Run standard.exe
12/5/2023 5:15:46 PM
End Abaqus/Standard Analysis
Begin SIM Wrap-up
12/5/2023 5:15:48 PM
Run SMASimUtility.exe
12/5/2023 5:15:48 PM
End SIM Wrap-up
Abaqus JOB XX COMPLETED
